ChallanSMS-ReactNative/ChallanSMS/android/app/build/intermediates/manifest_merge_blame_file/release/manifest-merger-blame-release-report.txt
1<?xml version="1.0" encoding="utf-8"?>
2<!-- android/app/src/main/AndroidManifest.xml -->
3<manifest xmlns:android="http://schemas.android.com/apk/res/android"
4    package="com.challansms"
5    android:versionCode="1"
6    android:versionName="2.0" >
7
8    <uses-sdk
9        android:minSdkVersion="23"
10        android:targetSdkVersion="34" />
11
12    <!-- ── SMS Permissions ── -->
13    <uses-permission android:name="android.permission.SEND_SMS" />
13-->src/main/AndroidManifest.xml:7:5-67
13-->src/main/AndroidManifest.xml:7:22-64
14    <uses-permission android:name="android.permission.READ_SMS" />
14-->src/main/AndroidManifest.xml:8:5-67
14-->src/main/AndroidManifest.xml:8:22-64
15    <uses-permission android:name="android.permission.RECEIVE_SMS" />
15-->src/main/AndroidManifest.xml:9:5-70
15-->src/main/AndroidManifest.xml:9:22-67
16
17    <!-- ── Storage (for reading Excel/CSV files) ── -->
18    <uses-permission
18-->src/main/AndroidManifest.xml:12:5-13:38
19        android:name="android.permission.READ_EXTERNAL_STORAGE"
19-->src/main/AndroidManifest.xml:12:22-77
20        android:maxSdkVersion="32" />
20-->src/main/AndroidManifest.xml:13:9-35
21    <uses-permission android:name="android.permission.READ_MEDIA_IMAGES" />
21-->src/main/AndroidManifest.xml:14:5-76
21-->src/main/AndroidManifest.xml:14:22-73
22
23    <!-- ── Network (for Google Drive sync) ── -->
24    <uses-permission android:name="android.permission.INTERNET" />
24-->src/main/AndroidManifest.xml:17:5-67
24-->src/main/AndroidManifest.xml:17:22-64
25    <uses-permission android:name="android.permission.ACCESS_NETWORK_STATE" />
25-->src/main/AndroidManifest.xml:18:5-79
25-->src/main/AndroidManifest.xml:18:22-76
26
27    <!-- ── Phone state (to detect SIM) ── -->
28    <uses-permission android:name="android.permission.READ_PHONE_STATE" />
28-->src/main/AndroidManifest.xml:21:5-75
28-->src/main/AndroidManifest.xml:21:22-72
29    <uses-permission android:name="android.permission.WRITE_EXTERNAL_STORAGE" />
29-->[:react-native-fs] AndroidManifest.xml:7:5-81
29-->[:react-native-fs] AndroidManifest.xml:7:22-78
30
31    <permission
31-->[androidx.core:core:1.9.0] AndroidManifest.xml:22:5-24:47
32        android:name="com.challansms.DYNAMIC_RECEIVER_NOT_EXPORTED_PERMISSION"
32-->[androidx.core:core:1.9.0] AndroidManifest.xml:23:9-81
33        android:protectionLevel="signature" />
33-->[androidx.core:core:1.9.0] AndroidManifest.xml:24:9-44
34
35    <uses-permission android:name="com.challansms.DYNAMIC_RECEIVER_NOT_EXPORTED_PERMISSION" />
35-->[androidx.core:core:1.9.0] AndroidManifest.xml:26:5-97
35-->[androidx.core:core:1.9.0] AndroidManifest.xml:26:22-94
36
37    <application
37-->src/main/AndroidManifest.xml:23:5-45:19
38        android:name="com.challansms.MainApplication"
38-->src/main/AndroidManifest.xml:24:9-40
39        android:allowBackup="false"
39-->src/main/AndroidManifest.xml:28:9-36
40        android:appComponentFactory="androidx.core.app.CoreComponentFactory"
40-->[androidx.core:core:1.9.0] AndroidManifest.xml:28:18-86
41        android:extractNativeLibs="false"
42        android:icon="@mipmap/ic_launcher"
42-->src/main/AndroidManifest.xml:26:9-43
43        android:label="@string/app_name"
43-->src/main/AndroidManifest.xml:25:9-41
44        android:roundIcon="@mipmap/ic_launcher_round"
44-->src/main/AndroidManifest.xml:27:9-54
45        android:theme="@style/AppTheme"
45-->src/main/AndroidManifest.xml:29:9-40
46        android:usesCleartextTraffic="true" >
46-->src/main/AndroidManifest.xml:30:9-44
47        <activity
47-->src/main/AndroidManifest.xml:32:9-43:20
48            android:name="com.challansms.MainActivity"
48-->src/main/AndroidManifest.xml:33:13-41
49            android:configChanges="keyboard|keyboardHidden|orientation|screenLayout|screenSize|smallestScreenSize|uiMode"
49-->src/main/AndroidManifest.xml:35:13-122
50            android:exported="true"
50-->src/main/AndroidManifest.xml:38:13-36
51            android:label="@string/app_name"
51-->src/main/AndroidManifest.xml:34:13-45
52            android:launchMode="singleTask"
52-->src/main/AndroidManifest.xml:36:13-44
53            android:windowSoftInputMode="adjustResize" >
53-->src/main/AndroidManifest.xml:37:13-55
54            <intent-filter>
54-->src/main/AndroidManifest.xml:39:13-42:29
55                <action android:name="android.intent.action.MAIN" />
55-->src/main/AndroidManifest.xml:40:17-69
55-->src/main/AndroidManifest.xml:40:25-66
56
57                <category android:name="android.intent.category.LAUNCHER" />
57-->src/main/AndroidManifest.xml:41:17-77
57-->src/main/AndroidManifest.xml:41:27-74
58            </intent-filter>
59        </activity>
60        <activity
60-->[com.google.android.gms:play-services-auth:20.5.0] AndroidManifest.xml:23:9-27:75
61            android:name="com.google.android.gms.auth.api.signin.internal.SignInHubActivity"
61-->[com.google.android.gms:play-services-auth:20.5.0] AndroidManifest.xml:24:13-93
62            android:excludeFromRecents="true"
62-->[com.google.android.gms:play-services-auth:20.5.0] AndroidManifest.xml:25:13-46
63            android:exported="false"
63-->[com.google.android.gms:play-services-auth:20.5.0] AndroidManifest.xml:26:13-37
64            android:theme="@android:style/Theme.Translucent.NoTitleBar" />
64-->[com.google.android.gms:play-services-auth:20.5.0] AndroidManifest.xml:27:13-72
65        <!--
66            Service handling Google Sign-In user revocation. For apps that do not integrate with
67            Google Sign-In, this service will never be started.
68        -->
69        <service
69-->[com.google.android.gms:play-services-auth:20.5.0] AndroidManifest.xml:33:9-37:51
70            android:name="com.google.android.gms.auth.api.signin.RevocationBoundService"
70-->[com.google.android.gms:play-services-auth:20.5.0] AndroidManifest.xml:34:13-89
71            android:exported="true"
71-->[com.google.android.gms:play-services-auth:20.5.0] AndroidManifest.xml:35:13-36
72            android:permission="com.google.android.gms.auth.api.signin.permission.REVOCATION_NOTIFICATION"
72-->[com.google.android.gms:play-services-auth:20.5.0] AndroidManifest.xml:36:13-107
73            android:visibleToInstantApps="true" />
73-->[com.google.android.gms:play-services-auth:20.5.0] AndroidManifest.xml:37:13-48
74
75        <activity
75-->[com.google.android.gms:play-services-base:18.0.1] AndroidManifest.xml:20:9-22:45
76            android:name="com.google.android.gms.common.api.GoogleApiActivity"
76-->[com.google.android.gms:play-services-base:18.0.1] AndroidManifest.xml:20:19-85
77            android:exported="false"
77-->[com.google.android.gms:play-services-base:18.0.1] AndroidManifest.xml:22:19-43
78            android:theme="@android:style/Theme.Translucent.NoTitleBar" />
78-->[com.google.android.gms:play-services-base:18.0.1] AndroidManifest.xml:21:19-78
79
80        <meta-data
80-->[com.google.android.gms:play-services-basement:18.2.0] AndroidManifest.xml:21:9-23:69
81            android:name="com.google.android.gms.version"
81-->[com.google.android.gms:play-services-basement:18.2.0] AndroidManifest.xml:22:13-58
82            android:value="@integer/google_play_services_version" />
82-->[com.google.android.gms:play-services-basement:18.2.0] AndroidManifest.xml:23:13-66
83
84        <provider
84-->[androidx.emoji2:emoji2:1.2.0] AndroidManifest.xml:24:9-32:20
85            android:name="androidx.startup.InitializationProvider"
85-->[androidx.emoji2:emoji2:1.2.0] AndroidManifest.xml:25:13-67
86            android:authorities="com.challansms.androidx-startup"
86-->[androidx.emoji2:emoji2:1.2.0] AndroidManifest.xml:26:13-68
87            android:exported="false" >
87-->[androidx.emoji2:emoji2:1.2.0] AndroidManifest.xml:27:13-37
88            <meta-data
88-->[androidx.emoji2:emoji2:1.2.0] AndroidManifest.xml:29:13-31:52
89                android:name="androidx.emoji2.text.EmojiCompatInitializer"
89-->[androidx.emoji2:emoji2:1.2.0] AndroidManifest.xml:30:17-75
90                android:value="androidx.startup" />
90-->[androidx.emoji2:emoji2:1.2.0] AndroidManifest.xml:31:17-49
91            <meta-data
91-->[androidx.lifecycle:lifecycle-process:2.4.1] AndroidManifest.xml:31:13-33:52
92                android:name="androidx.lifecycle.ProcessLifecycleInitializer"
92-->[androidx.lifecycle:lifecycle-process:2.4.1] AndroidManifest.xml:32:17-78
93                android:value="androidx.startup" />
93-->[androidx.lifecycle:lifecycle-process:2.4.1] AndroidManifest.xml:33:17-49
94        </provider>
95
96        <meta-data
96-->[com.facebook.soloader:soloader:0.10.5] AndroidManifest.xml:12:9-14:37
97            android:name="com.facebook.soloader.enabled"
97-->[com.facebook.soloader:soloader:0.10.5] AndroidManifest.xml:13:13-57
98            android:value="false" />
98-->[com.facebook.soloader:soloader:0.10.5] AndroidManifest.xml:14:13-34
99    </application>
100
101</manifest>